<?xml version="1.0" encoding="UTF-8"?>
<!-- Generated by org.testng.reporters.JUnitXMLReporter -->
<testsuite hostname="iOSQAs-MacBook-Pro.local" name="Regression1" tests="3" failures="0" timestamp="22 Oct 2017 07:52:59 GMT" time="169.291" errors="0">
  <testcase name="verifySendMail" time="69.333" classname="com.appium.maas.secureMailScripts.ComposeMail"/>
  <testcase name="multiselectCancel" time="42.725" classname="com.appium.maas.secureMailScripts.MultiselectMails"/>
  <testcase name="multiselectDelete" time="57.214" classname="com.appium.maas.secureMailScripts.MultiselectMails"/>
</testsuite> <!-- Regression1 -->
